Determining if the pthread_create exist failed with the following output:
Change Dir: /home/dell/MajorProject/main/build/CMakeFiles/CMakeTmp

Run Build Command:"/usr/bin/make" "cmTC_65365/fast"
/usr/bin/make -f CMakeFiles/cmTC_65365.dir/build.make CMakeFiles/cmTC_65365.dir/build
make[1]: Entering directory '/home/dell/MajorProject/main/build/CMakeFiles/CMakeTmp'
Building C object CMakeFiles/cmTC_65365.dir/CheckSymbolExists.c.o
/usr/bin/cc    -o CMakeFiles/cmTC_65365.dir/CheckSymbolExists.c.o   -c /home/dell/MajorProject/main/build/CMakeFiles/CMakeTmp/CheckSymbolExists.c
Linking C executable cmTC_65365
/usr/bin/cmake -E cmake_link_script CMakeFiles/cmTC_65365.dir/link.txt --verbose=1
/usr/bin/cc      -rdynamic CMakeFiles/cmTC_65365.dir/CheckSymbolExists.c.o  -o cmTC_65365 
CMakeFiles/cmTC_65365.dir/CheckSymbolExists.c.o: In function `main':
CheckSymbolExists.c:(.text+0x15): undefined reference to `pthread_create'
collect2: error: ld returned 1 exit status
CMakeFiles/cmTC_65365.dir/build.make:97: recipe for target 'cmTC_65365' failed
make[1]: *** [cmTC_65365] Error 1
make[1]: Leaving directory '/home/dell/MajorProject/main/build/CMakeFiles/CMakeTmp'
Makefile:126: recipe for target 'cmTC_65365/fast' failed
make: *** [cmTC_65365/fast] Error 2

File /home/dell/MajorProject/main/build/CMakeFiles/CMakeTmp/CheckSymbolExists.c:
/* */
#include <pthread.h>

int main(int argc, char** argv)
{
  (void)argv;
#ifndef pthread_create
  return ((int*)(&pthread_create))[argc];
#else
  (void)argc;
  return 0;
#endif
}

Determining if the function pthread_create exists in the pthreads failed with the following output:
Change Dir: /home/dell/MajorProject/main/build/CMakeFiles/CMakeTmp

Run Build Command:"/usr/bin/make" "cmTC_a71ee/fast"
/usr/bin/make -f CMakeFiles/cmTC_a71ee.dir/build.make CMakeFiles/cmTC_a71ee.dir/build
make[1]: Entering directory '/home/dell/MajorProject/main/build/CMakeFiles/CMakeTmp'
Building C object CMakeFiles/cmTC_a71ee.dir/CheckFunctionExists.c.o
/usr/bin/cc   -DCHECK_FUNCTION_EXISTS=pthread_create   -o CMakeFiles/cmTC_a71ee.dir/CheckFunctionExists.c.o   -c /usr/share/cmake-3.9/Modules/CheckFunctionExists.c
Linking C executable cmTC_a71ee
/usr/bin/cmake -E cmake_link_script CMakeFiles/cmTC_a71ee.dir/link.txt --verbose=1
/usr/bin/cc  -DCHECK_FUNCTION_EXISTS=pthread_create    -rdynamic CMakeFiles/cmTC_a71ee.dir/CheckFunctionExists.c.o  -o cmTC_a71ee -lpthreads 
/usr/bin/ld: cannot find -lpthreads
collect2: error: ld returned 1 exit status
CMakeFiles/cmTC_a71ee.dir/build.make:97: recipe for target 'cmTC_a71ee' failed
make[1]: *** [cmTC_a71ee] Error 1
make[1]: Leaving directory '/home/dell/MajorProject/main/build/CMakeFiles/CMakeTmp'
Makefile:126: recipe for target 'cmTC_a71ee/fast' failed
make: *** [cmTC_a71ee/fast] Error 2


